DEBUG 2015-02-05 18:09:25,484: 	 Executing command: 'submit'
DEBUG 2015-02-05 18:09:25,485: 	 Found /user/gfasanel/.crab3 file
DEBUG 2015-02-05 18:09:25,505: 	 Checking credentials
DEBUG 2015-02-05 18:09:25,505: 	 Found proxy file /tmp/x509up_u20618
DEBUG 2015-02-05 18:09:25,505: 	 Getting proxy life time left
DEBUG 2015-02-05 18:09:25,908: 	 Executing : 
 command : voms-proxy-info -file /tmp/x509up_u20618 -timeleft
 output : 0

 error: 
 retcode : 0
DEBUG 2015-02-05 18:09:25,909: 	 Proxy valid for 00:00:00 hours
DEBUG 2015-02-05 18:09:25,909: 	 Creating proxy for 24:00 hours with VO role 'NULL' and VO group ''
DEBUG 2015-02-05 18:09:31,718: 	 Executing : 
 command : voms-proxy-init -voms cms:/cms -valid 24:00 -rfc
 output : None
 error: None
 retcode : 0
DEBUG 2015-02-05 18:09:32,123: 	 Executing : 
 command : voms-proxy-info -file /tmp/x509up_u20618 -timeleft
 output : 86398

 error: 
 retcode : 0
DEBUG 2015-02-05 18:09:32,527: 	 Executing : 
 command : voms-proxy-info -file /tmp/x509up_u20618 -actimeleft
 output : 86398

 error: 
 retcode : 0
DEBUG 2015-02-05 18:09:32,931: 	 Executing : 
 command : env X509_USER_PROXY=/tmp/x509up_u20618 voms-proxy-info -fqan
 output : /cms/Role=NULL/Capability=NULL
/cms/becms/Role=NULL/Capability=NULL

 error: 
 retcode : 0
DEBUG 2015-02-05 18:09:32,932: 	 Proxy created
INFO 2015-02-05 18:09:32,932: 	 Will use configuration file crabConfig.py.
DEBUG 2015-02-05 18:09:32,932: 	 Loading configuration
DEBUG 2015-02-05 18:09:32,938: 	 Will use CRAB Analysis plugin (i.e. will run an analysis job type).
DEBUG 2015-02-05 18:09:33,051: 	 Executing : 
 command : openssl x509 -in ~/.globus/usercert.pem -subject -noout
 output : subject= /C=BE/O=BEGRID/OU=IIHE/OU=ULB/CN=Giuseppe Fasanella

 error: WARNING: can't open config file: /build/dmwmbld/srv/state/dmwmbld/builds/comp_gcc481/w/tmp/BUILDROOT/1b0a06ff720813198f5edc6648696789/build/dmwmbld/srv/state/dmwmbld/builds/comp_gcc481/w/slc6_amd64_gcc481/external/openssl/1.0.1j/ssl/openssl.cnf

 retcode : 0
DEBUG 2015-02-05 18:09:33,051: 	 Checking credentials
DEBUG 2015-02-05 18:09:33,051: 	 Found proxy file /tmp/x509up_u20618
DEBUG 2015-02-05 18:09:33,051: 	 Getting proxy life time left
DEBUG 2015-02-05 18:09:33,455: 	 Executing : 
 command : voms-proxy-info -file /tmp/x509up_u20618 -timeleft
 output : 86397

 error: 
 retcode : 0
DEBUG 2015-02-05 18:09:33,859: 	 Executing : 
 command : voms-proxy-info -file /tmp/x509up_u20618 -actimeleft
 output : 86397

 error: 
 retcode : 0
DEBUG 2015-02-05 18:09:33,859: 	 Proxy valid for 23:59:57 hours
DEBUG 2015-02-05 18:09:34,511: 	 Registering user credentials for server /DC=ch/DC=cern/OU=computers/CN=vocms(3[136]|21|045|052|021|031).cern.ch
DEBUG 2015-02-05 18:09:34,619: 	 Executing : 
 command : openssl x509 -in ~/.globus/usercert.pem -subject -noout
 output : subject= /C=BE/O=BEGRID/OU=IIHE/OU=ULB/CN=Giuseppe Fasanella

 error: WARNING: can't open config file: /build/dmwmbld/srv/state/dmwmbld/builds/comp_gcc481/w/tmp/BUILDROOT/1b0a06ff720813198f5edc6648696789/build/dmwmbld/srv/state/dmwmbld/builds/comp_gcc481/w/slc6_amd64_gcc481/external/openssl/1.0.1j/ssl/openssl.cnf

 retcode : 0
DEBUG 2015-02-05 18:09:34,620: 	 Getting myproxy life time left for myproxy.cern.ch
DEBUG 2015-02-05 18:09:34,620: 	 Calculating hash of /C=BE/O=BEGRID/OU=IIHE/OU=ULB/CN=Giuseppe Fasanella_cmsweb.cern.ch for credential name
DEBUG 2015-02-05 18:09:35,123: 	 Executing : 
 command : myproxy-info -l ee61732955ca5cadbe98529510b6c962ea44edd0 -s myproxy.cern.ch
 output : username: ee61732955ca5cadbe98529510b6c962ea44edd0
owner: /C=BE/O=BEGRID/OU=IIHE/OU=ULB/CN=Giuseppe Fasanella
  renewal policy: /DC=ch/DC=cern/OU=computers/CN=vocms(3[136]|21|045|052|021|031).cern.ch
  trusted retrieval policy: /DC=ch/DC=cern/OU=computers/CN=vocms(3[136]|21|045|052|021|031).cern.ch
  timeleft: 545:11:46  (22.7 days)

 error: 
 retcode : 0
DEBUG 2015-02-05 18:09:35,124: 	 Myproxy is valid: 1962706
DEBUG 2015-02-05 18:09:35,124: 	 Command use: submit
DEBUG 2015-02-05 18:09:35,124: 	 Options use: []
DEBUG 2015-02-05 18:09:35,747: 	 CRABClient version: 3.3.13 Compatible
DEBUG 2015-02-05 18:09:35,748: 	 Instance is prod
DEBUG 2015-02-05 18:09:35,748: 	 Server base url is cmsweb.cern.ch
DEBUG 2015-02-05 18:09:35,748: 	 Command url /crabserver/prod/workflow
DEBUG 2015-02-05 18:09:35,748: 	 Started submission
DEBUG 2015-02-05 18:09:35,748: 	 Working on /user_mnt/user/gfasanel/HEEP/CMSSW_7_2_0_patch1/src/crab_projects/crab_20150128_PHYS14_DYToEE_20BX25
DEBUG 2015-02-05 18:09:36,424: 	 Found CMSSW_7_2_0_patch1 for slc6_amd64_gcc481 with base /user_mnt/user/gfasanel/HEEP/CMSSW_7_2_0_patch1
DEBUG 2015-02-05 18:09:36,456: 	 UNIQUE NAME: tarUUID edbb3b4f-0156-469e-bb6f-97c49b49c38e 
DEBUG 2015-02-05 18:09:36,457: 	 self.config: from WMCore.Configuration import Configuration
config = Configuration()
config.section_('General')
config.General.workArea = 'crab_projects'
config.General.requestName = '20150128_PHYS14_DYToEE_20BX25'
config.section_('JobType')
config.JobType.psetName = 'IIHE.py'
config.JobType.pluginName = 'Analysis'
config.JobType.outputFiles = ['outfile.root']
config.section_('Data')
config.Data.inputDataset = '/DYToEE_Tune4C_13TeV-pythia8/Phys14DR-AVE20BX25_tsg_PHYS14_25_V3-v1/AODSIM'
config.Data.unitsPerJob = 10
config.Data.ignoreLocality = True
config.Data.inputDBS = 'https://cmsweb.cern.ch/dbs/prod/global/DBSReader/'
config.Data.splitting = 'FileBased'
config.section_('Site')
config.Site.blacklist = ['T2_US_Purdue', 'T1_UK_RAL']
config.Site.whitelist = ['T2_BE_IIHE']
config.Site.storageSite = 'T2_BE_IIHE'
config.section_('User')
config.User.voGroup = 'becms'

DEBUG 2015-02-05 18:09:36,457: 	 self.config.JobType.psetName: IIHE.py
DEBUG 2015-02-05 18:09:36,457: 	 Importing CMSSW config IIHE.py
DEBUG 2015-02-05 18:09:47,089: 	 The following EDM output files will be collected: []
DEBUG 2015-02-05 18:09:47,089: 	 The following TFile output files will be collected: ['outfile.root']
DEBUG 2015-02-05 18:09:47,089: 	 The following user output files will be collected: []
DEBUG 2015-02-05 18:09:47,089: 	 Writing CMSSW config to /user_mnt/user/gfasanel/HEEP/CMSSW_7_2_0_patch1/src/crab_projects/crab_20150128_PHYS14_DYToEE_20BX25/inputs/CMSSW_cfg.py
DEBUG 2015-02-05 18:09:47,226: 	 Found CMSSW_7_2_0_patch1 for slc6_amd64_gcc481 with base /user_mnt/user/gfasanel/HEEP/CMSSW_7_2_0_patch1
DEBUG 2015-02-05 18:09:47,226: 	 Making tarball in /user_mnt/user/gfasanel/HEEP/CMSSW_7_2_0_patch1/src/crab_projects/crab_20150128_PHYS14_DYToEE_20BX25/inputs/edbb3b4f-0156-469e-bb6f-97c49b49c38edefault.tgz
DEBUG 2015-02-05 18:09:47,227: 	  checking directory /user_mnt/user/gfasanel/HEEP/CMSSW_7_2_0_patch1/lib
DEBUG 2015-02-05 18:09:47,227: 	  adding directory /user_mnt/user/gfasanel/HEEP/CMSSW_7_2_0_patch1/lib to tarball
DEBUG 2015-02-05 18:09:47,378: 	  checking directory /user_mnt/user/gfasanel/HEEP/CMSSW_7_2_0_patch1/module
DEBUG 2015-02-05 18:09:47,450: 	 tgz contents: [('lib', 0, 1423153824, 'gfasanel'), ('lib/slc6_amd64_gcc481', 0, 1423154183, 'gfasanel'), ('lib/slc6_amd64_gcc481/UserCodeIIHETree.edmplugin', 33, 1423154180, 'gfasanel'), ('lib/slc6_amd64_gcc481/pluginUserCodeIIHETree.so', 837762, 1423154180, 'gfasanel'), ('lib/slc6_amd64_gcc481/.edmplugincache', 2160, 1423154183, 'gfasanel'), ('PSet.py', 101, 1423156187, 'gfasanel'), ('PSet.pkl', 281195, 1423156187, 'gfasanel'), ('debug/originalPSet.py', 5110, 1423154383, 'gfasanel'), ('debug/crabConfig.py', 862, 1423156187, 'gfasanel')]
DEBUG 2015-02-05 18:09:47,450: 	 MD5 checksum: eef43fcf44b2d16f5f235adbf8c84b10
DEBUG 2015-02-05 18:09:47,453: 	  uploading archive to cache /user_mnt/user/gfasanel/HEEP/CMSSW_7_2_0_patch1/src/crab_projects/crab_20150128_PHYS14_DYToEE_20BX25/inputs/edbb3b4f-0156-469e-bb6f-97c49b49c38edefault.tgz 
DEBUG 2015-02-05 18:09:48,356: 	 Result uploading input files: ('dcaa9dd669347b10e3b94122f540d72c1b7355a17165f2f2fafa7da45070b908.tar.gz', 'eef43fcf44b2d16f5f235adbf8c84b10') 
WARNING 2015-02-05 18:09:48,356: 	 Warning: The following output files will not be published, as they are not EDM files: ['outfile.root']
INFO 2015-02-05 18:09:48,356: 	 Sending the request to the server
DEBUG 2015-02-05 18:09:48,357: 	 Submitting {'ignorelocality': 1, 'savelogsflag': 0, 'useparent': 0, 'asyncdest': 'T2_BE_IIHE', 'algoargs': 10, 'cachefilename': 'dcaa9dd669347b10e3b94122f540d72c1b7355a17165f2f2fafa7da45070b908.tar.gz', 'addoutputfiles': [], 'generator': 'pythia', 'publishdbsurl': 'https://cmsweb.cern.ch/dbs/prod/phys03/DBSWriter', 'vogroup': 'becms', 'jobsw': 'CMSSW_7_2_0_patch1', 'edmoutfiles': [], 'sitewhitelist': ['T2_BE_IIHE'], 'inputdata': '/DYToEE_Tune4C_13TeV-pythia8/Phys14DR-AVE20BX25_tsg_PHYS14_25_V3-v1/AODSIM', 'workflow': 'crab_20150128_PHYS14_DYToEE_20BX25', 'adduserfiles': [], 'publishname': 'eef43fcf44b2d16f5f235adbf8c84b10', 'nonprodsw': 0, 'tfileoutfiles': ['outfile.root'], 'oneEventMode': 0, 'cacheurl': 'https://cmsweb.cern.ch/crabcache', 'saveoutput': 1, 'publication': 1, 'jobarch': 'slc6_amd64_gcc481', 'totalunits': 0, 'splitalgo': 'FileBased', 'dbsurl': 'https://cmsweb.cern.ch/dbs/prod/global/DBSReader', 'siteblacklist': ['T2_US_Purdue', 'T1_UK_RAL'], 'jobtype': 'Analysis'} 
DEBUG 2015-02-05 18:09:48,357: 	 Encoded submit request: ignorelocality=1&savelogsflag=0&useparent=0&asyncdest=T2_BE_IIHE&algoargs=10&cachefilename=dcaa9dd669347b10e3b94122f540d72c1b7355a17165f2f2fafa7da45070b908.tar.gz&generator=pythia&publishdbsurl=https%3A%2F%2Fcmsweb.cern.ch%2Fdbs%2Fprod%2Fphys03%2FDBSWriter&vogroup=becms&jobsw=CMSSW_7_2_0_patch1&inputdata=%2FDYToEE_Tune4C_13TeV-pythia8%2FPhys14DR-AVE20BX25_tsg_PHYS14_25_V3-v1%2FAODSIM&workflow=crab_20150128_PHYS14_DYToEE_20BX25&publishname=eef43fcf44b2d16f5f235adbf8c84b10&nonprodsw=0&oneEventMode=0&cacheurl=https%3A%2F%2Fcmsweb.cern.ch%2Fcrabcache&saveoutput=1&publication=1&jobarch=slc6_amd64_gcc481&totalunits=0&splitalgo=FileBased&dbsurl=https%3A%2F%2Fcmsweb.cern.ch%2Fdbs%2Fprod%2Fglobal%2FDBSReader&jobtype=Analysis&sitewhitelist=T2_BE_IIHE&siteblacklist=T2_US_Purdue&siteblacklist=T1_UK_RAL&tfileoutfiles=outfile.root
DEBUG 2015-02-05 18:09:52,642: 	 Result: {'result': [{'RequestName': '150205_170949_crab3test-2:gfasanel_crab_20150128_PHYS14_DYToEE_20BX25'}]}
INFO 2015-02-05 18:09:52,645: 	 Success: Your task has been delivered to the CRAB3 server.
INFO 2015-02-05 18:09:52,645: 	 Task name: 150205_170949_crab3test-2:gfasanel_crab_20150128_PHYS14_DYToEE_20BX25
INFO 2015-02-05 18:09:52,645: 	 Please use 'crab status' to check how the submission process proceed
DEBUG 2015-02-05 18:09:52,645: 	 About to return
DEBUG 2015-02-05 19:59:48,450: 	 Executing command: 'status'
DEBUG 2015-02-05 19:59:48,451: 	 Found /user/gfasanel/.crab3 file
DEBUG 2015-02-05 19:59:48,475: 	 Checking credentials
DEBUG 2015-02-05 19:59:48,475: 	 Found proxy file /tmp/x509up_u20618
DEBUG 2015-02-05 19:59:48,476: 	 Getting proxy life time left
DEBUG 2015-02-05 19:59:49,981: 	 Executing : 
 command : voms-proxy-info -file /tmp/x509up_u20618 -timeleft
 output : 79781

 error: 
 retcode : 0
DEBUG 2015-02-05 19:59:50,384: 	 Executing : 
 command : voms-proxy-info -file /tmp/x509up_u20618 -actimeleft
 output : 79780

 error: 
 retcode : 0
DEBUG 2015-02-05 19:59:50,384: 	 Proxy valid for 22:09:41 hours
DEBUG 2015-02-05 19:59:50,510: 	 Executing : 
 command : openssl x509 -in ~/.globus/usercert.pem -subject -noout
 output : subject= /C=BE/O=BEGRID/OU=IIHE/OU=ULB/CN=Giuseppe Fasanella

 error: WARNING: can't open config file: /build/dmwmbld/srv/state/dmwmbld/builds/comp_gcc481/w/tmp/BUILDROOT/1b0a06ff720813198f5edc6648696789/build/dmwmbld/srv/state/dmwmbld/builds/comp_gcc481/w/slc6_amd64_gcc481/external/openssl/1.0.1j/ssl/openssl.cnf

 retcode : 0
DEBUG 2015-02-05 19:59:50,511: 	 Checking credentials
DEBUG 2015-02-05 19:59:50,511: 	 Found proxy file /tmp/x509up_u20618
DEBUG 2015-02-05 19:59:50,511: 	 Getting proxy life time left
DEBUG 2015-02-05 19:59:50,914: 	 Executing : 
 command : voms-proxy-info -file /tmp/x509up_u20618 -timeleft
 output : 79780

 error: 
 retcode : 0
DEBUG 2015-02-05 19:59:51,318: 	 Executing : 
 command : voms-proxy-info -file /tmp/x509up_u20618 -actimeleft
 output : 79779

 error: 
 retcode : 0
DEBUG 2015-02-05 19:59:51,318: 	 Proxy valid for 22:09:40 hours
DEBUG 2015-02-05 19:59:51,721: 	 Executing : 
 command : env X509_USER_PROXY=/tmp/x509up_u20618 voms-proxy-info -fqan
 output : /cms/Role=NULL/Capability=NULL
/cms/becms/Role=NULL/Capability=NULL

 error: 
 retcode : 0
INFO 2015-02-05 19:59:51,721: 	 Proxy file /tmp/x509up_u20618 exists with VO group = '' and VO role = 'NULL', but you have specified to use VO group = 'becms' and VO role = 'NULL'.
Do you want to overwrite the proxy (Y/N)?
DEBUG 2015-02-05 19:59:53,710: 	 Creating new proxy for 24:00 hours
DEBUG 2015-02-05 19:59:59,420: 	 Executing : 
 command : voms-proxy-init -voms cms:/cms/becms -valid 24:00 -rfc
 output : None
 error: None
 retcode : 0
DEBUG 2015-02-05 19:59:59,824: 	 Executing : 
 command : voms-proxy-info -file /tmp/x509up_u20618 -timeleft
 output : 86398

 error: 
 retcode : 0
DEBUG 2015-02-05 20:00:00,227: 	 Executing : 
 command : voms-proxy-info -file /tmp/x509up_u20618 -actimeleft
 output : 86397

 error: 
 retcode : 0
DEBUG 2015-02-05 20:00:00,631: 	 Executing : 
 command : env X509_USER_PROXY=/tmp/x509up_u20618 voms-proxy-info -fqan
 output : /cms/becms/Role=NULL/Capability=NULL
/cms/Role=NULL/Capability=NULL

 error: 
 retcode : 0
DEBUG 2015-02-05 20:00:00,631: 	 Proxy created.
DEBUG 2015-02-05 20:00:01,318: 	 Registering user credentials for server /DC=ch/DC=cern/OU=computers/CN=vocms(3[136]|21|045|052|021|031).cern.ch
DEBUG 2015-02-05 20:00:01,426: 	 Executing : 
 command : openssl x509 -in ~/.globus/usercert.pem -subject -noout
 output : subject= /C=BE/O=BEGRID/OU=IIHE/OU=ULB/CN=Giuseppe Fasanella

 error: WARNING: can't open config file: /build/dmwmbld/srv/state/dmwmbld/builds/comp_gcc481/w/tmp/BUILDROOT/1b0a06ff720813198f5edc6648696789/build/dmwmbld/srv/state/dmwmbld/builds/comp_gcc481/w/slc6_amd64_gcc481/external/openssl/1.0.1j/ssl/openssl.cnf

 retcode : 0
DEBUG 2015-02-05 20:00:01,426: 	 Getting myproxy life time left for myproxy.cern.ch
DEBUG 2015-02-05 20:00:01,426: 	 Calculating hash of /C=BE/O=BEGRID/OU=IIHE/OU=ULB/CN=Giuseppe Fasanella_cmsweb.cern.ch for credential name
DEBUG 2015-02-05 20:00:02,130: 	 Executing : 
 command : myproxy-info -l ee61732955ca5cadbe98529510b6c962ea44edd0 -s myproxy.cern.ch
 output : username: ee61732955ca5cadbe98529510b6c962ea44edd0
owner: /C=BE/O=BEGRID/OU=IIHE/OU=ULB/CN=Giuseppe Fasanella
  renewal policy: /DC=ch/DC=cern/OU=computers/CN=vocms(3[136]|21|045|052|021|031).cern.ch
  trusted retrieval policy: /DC=ch/DC=cern/OU=computers/CN=vocms(3[136]|21|045|052|021|031).cern.ch
  timeleft: 543:21:19  (22.6 days)

 error: 
 retcode : 0
DEBUG 2015-02-05 20:00:02,131: 	 Myproxy is valid: 1956079
DEBUG 2015-02-05 20:00:02,234: 	 Executing : 
 command : openssl x509 -noout -in ~/.globus/usercert.pem -dates
 output : notBefore=Jan 13 11:35:20 2015 GMT
notAfter=Jan 13 11:35:20 2016 GMT

 error: WARNING: can't open config file: /build/dmwmbld/srv/state/dmwmbld/builds/comp_gcc481/w/tmp/BUILDROOT/1b0a06ff720813198f5edc6648696789/build/dmwmbld/srv/state/dmwmbld/builds/comp_gcc481/w/slc6_amd64_gcc481/external/openssl/1.0.1j/ssl/openssl.cnf

 retcode : 0
DEBUG 2015-02-05 20:00:02,252: 	 Delegating a myproxy for 720:00 hours
DEBUG 2015-02-05 20:00:02,252: 	 Calculating hash of /C=BE/O=BEGRID/OU=IIHE/OU=ULB/CN=Giuseppe Fasanella_cmsweb.cern.ch for credential name
DEBUG 2015-02-05 20:00:07,560: 	 Executing : 
 command : export GT_PROXY_MODE=rfc ; myproxy-init -d -n -s myproxy.cern.ch -x -R '/DC=ch/DC=cern/OU=computers/CN=vocms(3[136]|21|045|052|021|031).cern.ch' -x -Z '/DC=ch/DC=cern/OU=computers/CN=vocms(3[136]|21|045|052|021|031).cern.ch' -l 'ee61732955ca5cadbe98529510b6c962ea44edd0' -t 168:00 -c 720:00
 output : Your identity: /C=BE/O=BEGRID/OU=IIHE/OU=ULB/CN=Giuseppe Fasanella
Creating proxy ..................................................................................................................................... Done
Proxy Verify OK
Your proxy is valid until: Sat Mar  7 20:00:06 2015
A proxy valid for 720 hours (30.0 days) for user ee61732955ca5cadbe98529510b6c962ea44edd0 now exists on myproxy.cern.ch.

 error: 
 retcode : 0
DEBUG 2015-02-05 20:00:07,560: 	 Calculating hash of /C=BE/O=BEGRID/OU=IIHE/OU=ULB/CN=Giuseppe Fasanella_cmsweb.cern.ch for credential name
DEBUG 2015-02-05 20:00:08,064: 	 Executing : 
 command : myproxy-info -l ee61732955ca5cadbe98529510b6c962ea44edd0 -s myproxy.cern.ch
 output : username: ee61732955ca5cadbe98529510b6c962ea44edd0
owner: /C=BE/O=BEGRID/OU=IIHE/OU=ULB/CN=Giuseppe Fasanella
  renewal policy: /DC=ch/DC=cern/OU=computers/CN=vocms(3[136]|21|045|052|021|031).cern.ch
  trusted retrieval policy: /DC=ch/DC=cern/OU=computers/CN=vocms(3[136]|21|045|052|021|031).cern.ch
  timeleft: 719:59:58  (30.0 days)

 error: 
 retcode : 0
DEBUG 2015-02-05 20:00:08,064: 	 My-proxy delegated.
DEBUG 2015-02-05 20:00:08,064: 	 Command use: status
DEBUG 2015-02-05 20:00:08,064: 	 Options use: []
DEBUG 2015-02-05 20:00:10,684: 	 CRABClient version: 3.3.13 Compatible
DEBUG 2015-02-05 20:00:10,684: 	 Instance is prod
DEBUG 2015-02-05 20:00:10,684: 	 Server base url is cmsweb.cern.ch
DEBUG 2015-02-05 20:00:10,684: 	 Command url /crabserver/prod/workflow
DEBUG 2015-02-05 20:00:10,684: 	 Looking up detailed status of task 150205_170949_crab3test-2:gfasanel_crab_20150128_PHYS14_DYToEE_20BX25
DEBUG 2015-02-05 20:00:33,417: 	 {u'status': u'SUBMITTED', u'totalJobdefs': 0, u'jobSetID': u'150205_170949_crab3test-2:gfasanel_crab_20150128_PHYS14_DYToEE_20BX25', u'jobsPerStatus': {u'running': 1}, u'taskWarningMsg': [], u'taskFailureMsg': u'', u'failedJobdefs': 0, u'ASOURL': u'https://cmsweb.cern.ch/couchdb', u'jobList': [[u'running', 1]], u'jobs': {u'1': {u'State': u'running'}}, u'jobdefErrors': [], u'outdatasets': None, u'pool': {}, u'publication': {}}
INFO 2015-02-05 20:00:33,418: 	 Task name:			150205_170949_crab3test-2:gfasanel_crab_20150128_PHYS14_DYToEE_20BX25
INFO 2015-02-05 20:00:33,418: 	 Task status:			SUBMITTED
INFO 2015-02-05 20:00:33,418: 	 Glidemon monitoring URL:	http://glidemon.web.cern.ch/glidemon/jobs.php?taskname=150205_170949_crab3test-2%3Agfasanel_crab_20150128_PHYS14_DYToEE_20BX25
INFO 2015-02-05 20:00:33,418: 	 Dashboard monitoring URL:	http://dashb-cms-job.cern.ch/dashboard/templates/task-analysis/#user=gfasanel&refresh=0&table=Jobs&p=1&records=25&activemenu=2&status=&site=&tid=150205_170949_crab3test-2%3Agfasanel_crab_20150128_PHYS14_DYToEE_20BX25
INFO 2015-02-05 20:00:33,418: 	 Details:			running       100.0% (1/1)
INFO 2015-02-05 20:00:33,418: 	 
